<?xml version="1.0" encoding="UTF-8"?>
<testsuite name="Unit-level testing for StartCommand" tests="1" skipped="0" failures="0" errors="0" timestamp="2022-01-14T10:47:36" hostname="DESKTOP-AVBJIVJ" time="0.003">
  <properties/>
  <testcase name="shouldProperlyExecuteCommand()" classname="com.razbezhkinav.telegrambot.command.StartCommandTest" time="0.003"/>
  <system-out><![CDATA[]]></system-out>
  <system-err><![CDATA[]]></system-err>
</testsuite>
