<?xml version="1.0" encoding="UTF-8"?>
<testsuite name="Unit-level testing for HelpCommand" tests="1" skipped="0" failures="0" errors="0" timestamp="2022-01-14T10:47:35" hostname="DESKTOP-AVBJIVJ" time="0.367">
  <properties/>
  <testcase name="shouldProperlyExecuteCommand()" classname="com.razbezhkinav.telegrambot.command.HelpCommandTest" time="0.367"/>
  <system-out><![CDATA[]]></system-out>
  <system-err><![CDATA[]]></system-err>
</testsuite>
